\BOOKMARK [1][-]{section.1}{Chapter 1 - Circuit Variables}{}% 1
\BOOKMARK [2][-]{subsection.1.1}{Electrical Engineering - An Overview}{section.1}% 2
\BOOKMARK [2][-]{subsection.1.2}{Units}{section.1}% 3
\BOOKMARK [2][-]{subsection.1.3}{Voltage, Current, Power, and Energy}{section.1}% 4
\BOOKMARK [2][-]{subsection.1.4}{Voltage, Current, Power, and Energy}{section.1}% 5
\BOOKMARK [2][-]{subsection.1.5}{Voltage, Current, Power, and Energy}{section.1}% 6
\BOOKMARK [1][-]{section.2}{Circuit Elements}{}% 7
\BOOKMARK [2][-]{subsection.2.1}{Voltage and Current Sources}{section.2}% 8
\BOOKMARK [2][-]{subsection.2.2}{Ohm's Law}{section.2}% 9
\BOOKMARK [2][-]{subsection.2.3}{Kirchhoff's Law}{section.2}% 10
\BOOKMARK [2][-]{subsection.2.4}{Analysis of Circuit Containing Dependent Sources}{section.2}% 11
\BOOKMARK [1][-]{section.3}{Resistive Circuits}{}% 12
\BOOKMARK [2][-]{subsection.3.1}{Resistors in Series and Parallel}{section.3}% 13
\BOOKMARK [2][-]{subsection.3.2}{The Voltage-Divider and Current-Divider Circuits}{section.3}% 14
\BOOKMARK [2][-]{subsection.3.3}{Voltage and Current Divisions}{section.3}% 15
\BOOKMARK [2][-]{subsection.3.4}{Delta-Wye Equivalent Circuits}{section.3}% 16
\BOOKMARK [1][-]{section.4}{Techniques of Circuit Analysis}{}% 17
\BOOKMARK [2][-]{subsection.4.1}{The Node-Voltage Method}{section.4}% 18
\BOOKMARK [2][-]{subsection.4.2}{The Mesh-Current Method}{section.4}% 19
\BOOKMARK [2][-]{subsection.4.3}{Source Transformations}{section.4}% 20
\BOOKMARK [2][-]{subsection.4.4}{Thevenin's and Norton's Equivalents}{section.4}% 21
\BOOKMARK [2][-]{subsection.4.5}{Maximum Power Transfer}{section.4}% 22
\BOOKMARK [2][-]{subsection.4.6}{Superposition}{section.4}% 23
\BOOKMARK [1][-]{section.5}{Inductors and Capacitors}{}% 24
\BOOKMARK [2][-]{subsection.5.1}{Inductors in Series and PArallel}{section.5}% 25
\BOOKMARK [2][-]{subsection.5.2}{Capacitors in series and parallel}{section.5}% 26
\BOOKMARK [1][-]{section.6}{Response of First Order Circuits}{}% 27
\BOOKMARK [2][-]{subsection.6.1}{The Step Response of RC and RL Circuits}{section.6}% 28
\BOOKMARK [2][-]{subsection.6.2}{Sequential Switching}{section.6}% 29
