\BOOKMARK [0][-]{section*.1}{Declaration of Authorship}{}% 1
\BOOKMARK [0][-]{section*.2}{Abstract}{}% 2
\BOOKMARK [0][-]{section*.3}{Acknowledgements}{}% 3
\BOOKMARK [0][-]{chapter.1}{Introduction}{}% 4
\BOOKMARK [1][-]{section.1.1}{Mesh Networks}{chapter.1}% 5
\BOOKMARK [1][-]{section.1.2}{Software Defined Radio Networks}{chapter.1}% 6
\BOOKMARK [1][-]{section.1.3}{Trends Towards Cognitive Radio Environments}{chapter.1}% 7
\BOOKMARK [1][-]{section.1.4}{ARCAM-Net}{chapter.1}% 8
\BOOKMARK [0][-]{chapter.2}{Literature Review}{}% 9
\BOOKMARK [1][-]{section.2.1}{SDR Fundamentals}{chapter.2}% 10
\BOOKMARK [1][-]{section.2.2}{GNU Radio and MATLAB}{chapter.2}% 11
\BOOKMARK [2][-]{subsection.2.2.1}{GNU Radio}{section.2.2}% 12
\BOOKMARK [2][-]{subsection.2.2.2}{MATLAB}{section.2.2}% 13
\BOOKMARK [2][-]{subsection.2.2.3}{RFNoc}{section.2.2}% 14
\BOOKMARK [1][-]{section.2.3}{Network Concepts}{chapter.2}% 15
\BOOKMARK [2][-]{subsection.2.3.1}{What is a Network}{section.2.3}% 16
\BOOKMARK [2][-]{subsection.2.3.2}{Mesh Network}{section.2.3}% 17
\BOOKMARK [2][-]{subsection.2.3.3}{GNU Radio Mesh Networks}{section.2.3}% 18
\BOOKMARK [2][-]{subsection.2.3.4}{Mesh Extension into SDR}{section.2.3}% 19
\BOOKMARK [2][-]{subsection.2.3.5}{What is a network protocol}{section.2.3}% 20
\BOOKMARK [3][-]{section*.8}{OSI Model}{subsection.2.3.5}% 21
\BOOKMARK [3][-]{section*.9}{Common Protocols}{subsection.2.3.5}% 22
\BOOKMARK [3][-]{section*.10}{Batman}{subsection.2.3.5}% 23
\BOOKMARK [3][-]{section*.11}{OLSRD}{subsection.2.3.5}% 24
\BOOKMARK [1][-]{section.2.4}{SDR and Cognitive Radios}{chapter.2}% 25
\BOOKMARK [1][-]{section.2.5}{State of the Practice}{chapter.2}% 26
\BOOKMARK [1][-]{section.2.6}{State of the Art}{chapter.2}% 27
\BOOKMARK [0][-]{chapter.3}{Methodology}{}% 28
\BOOKMARK [1][-]{section.3.1}{Design}{chapter.3}% 29
\BOOKMARK [2][-]{subsection.3.1.1}{SDR}{section.3.1}% 30
\BOOKMARK [2][-]{subsection.3.1.2}{GNU Radio Flowgraph}{section.3.1}% 31
\BOOKMARK [2][-]{subsection.3.1.3}{Batman-adv}{section.3.1}% 32
\BOOKMARK [2][-]{subsection.3.1.4}{Flask Web Server and Socket.IO}{section.3.1}% 33
\BOOKMARK [2][-]{subsection.3.1.5}{A.L.F.R.E.D.}{section.3.1}% 34
\BOOKMARK [1][-]{section.3.2}{Fabrication and Build Process}{chapter.3}% 35
\BOOKMARK [1][-]{section.3.3}{Test Procedures}{chapter.3}% 36
\BOOKMARK [2][-]{subsection.3.3.1}{Network Benchmarks}{section.3.3}% 37
\BOOKMARK [2][-]{subsection.3.3.2}{Route Changes}{section.3.3}% 38
\BOOKMARK [2][-]{subsection.3.3.3}{Frequency Distribution}{section.3.3}% 39
\BOOKMARK [0][-]{chapter.4}{Findings}{}% 40
\BOOKMARK [1][-]{section.4.1}{Results}{chapter.4}% 41
\BOOKMARK [2][-]{subsection.4.1.1}{Network Benchmarks}{section.4.1}% 42
\BOOKMARK [2][-]{subsection.4.1.2}{Route Changes}{section.4.1}% 43
\BOOKMARK [2][-]{subsection.4.1.3}{Frequency Changes}{section.4.1}% 44
\BOOKMARK [1][-]{section.4.2}{Data Analysis}{chapter.4}% 45
\BOOKMARK [1][-]{section.4.3}{Assumptions and Discussion of Error}{chapter.4}% 46
\BOOKMARK [1][-]{section.4.4}{Error Bars}{chapter.4}% 47
\BOOKMARK [0][-]{chapter.5}{Discussion}{}% 48
\BOOKMARK [1][-]{section.5.1}{Constraints and Limitations}{chapter.5}% 49
\BOOKMARK [1][-]{section.5.2}{SDR Network}{chapter.5}% 50
\BOOKMARK [1][-]{section.5.3}{Cognitive Networks}{chapter.5}% 51
\BOOKMARK [0][-]{chapter.6}{Conclusion}{}% 52
\BOOKMARK [1][-]{section.6.1}{Summary}{chapter.6}% 53
\BOOKMARK [1][-]{section.6.2}{Conclusion}{chapter.6}% 54
\BOOKMARK [1][-]{section.6.3}{Recommendation}{chapter.6}% 55
\BOOKMARK [1][-]{section.6.4}{Future Work}{chapter.6}% 56
\BOOKMARK [0][-]{appendix.A}{Running ARCAM-Net}{}% 57
\BOOKMARK [1][-]{section.A.1}{Configuring the Computer}{appendix.A}% 58
\BOOKMARK [2][-]{subsection.A.1.1}{Installing Natively}{section.A.1}% 59
\BOOKMARK [2][-]{subsection.A.1.2}{Installing Through Vagrant}{section.A.1}% 60
\BOOKMARK [2][-]{subsection.A.1.3}{Manual Install}{section.A.1}% 61
\BOOKMARK [1][-]{section.A.2}{Getting The Flowgraphs}{appendix.A}% 62
\BOOKMARK [1][-]{section.A.3}{Running The Flowgraphs}{appendix.A}% 63
\BOOKMARK [2][-]{subsection.A.3.1}{Flow Graph to Mesh Network}{section.A.3}% 64
\BOOKMARK [2][-]{subsection.A.3.2}{Raising the Bat Signal}{section.A.3}% 65
\BOOKMARK [2][-]{subsection.A.3.3}{TMux Script}{section.A.3}% 66
\BOOKMARK [1][-]{section.A.4}{Full Web Server}{appendix.A}% 67
