\BOOKMARK [1][-]{section.1}{Introduction}{}% 1
\BOOKMARK [1][-]{section.2}{7-1-2015}{}% 2
\BOOKMARK [1][-]{section.3}{7-2-2015}{}% 3
\BOOKMARK [1][-]{section.4}{07-03-2015}{}% 4
\BOOKMARK [1][-]{section.5}{07-04-2015}{}% 5
\BOOKMARK [1][-]{section.6}{07-05-2015}{}% 6
\BOOKMARK [1][-]{section.7}{07-06-2015}{}% 7
\BOOKMARK [1][-]{section.8}{07-07-2015}{}% 8
\BOOKMARK [2][-]{subsection.8.1}{Install BladeRF}{section.8}% 9
\BOOKMARK [2][-]{subsection.8.2}{Download new firmware}{section.8}% 10
\BOOKMARK [2][-]{subsection.8.3}{Reinstall GNURadio}{section.8}% 11
\BOOKMARK [1][-]{section.9}{07-08-15}{}% 12
\BOOKMARK [1][-]{section.10}{07-09-15}{}% 13
\BOOKMARK [1][-]{section.11}{07-10-15}{}% 14
\BOOKMARK [1][-]{section.12}{07-11-15}{}% 15
\BOOKMARK [1][-]{section.13}{07-12-15}{}% 16
\BOOKMARK [1][-]{section.14}{07-13-15}{}% 17
\BOOKMARK [1][-]{section.15}{07-14-15}{}% 18
\BOOKMARK [1][-]{section.16}{07-15-15}{}% 19
\BOOKMARK [1][-]{section.17}{07-16-15}{}% 20
\BOOKMARK [1][-]{section.18}{07-17-15}{}% 21
\BOOKMARK [1][-]{section.19}{07-18-15}{}% 22
\BOOKMARK [1][-]{section.20}{07-19-15}{}% 23
\BOOKMARK [1][-]{section.21}{07-20-15}{}% 24
\BOOKMARK [1][-]{section.22}{07-21-15 to 07-24-15}{}% 25
\BOOKMARK [1][-]{section.23}{07-25-15}{}% 26
\BOOKMARK [2][-]{subsection.23.1}{PyBombs}{section.23}% 27
\BOOKMARK [1][-]{section.24}{07-29-15}{}% 28
\BOOKMARK [1][-]{section.25}{08-04-15}{}% 29
\BOOKMARK [2][-]{subsection.25.1}{09-14-15}{section.25}% 30
\BOOKMARK [1][-]{section.26}{09-15-15}{}% 31
\BOOKMARK [1][-]{section.27}{09-16-15}{}% 32
\BOOKMARK [1][-]{section.28}{09-18-15}{}% 33
\BOOKMARK [1][-]{section.29}{09-24-15}{}% 34
\BOOKMARK [1][-]{section.30}{09-25-15}{}% 35
\BOOKMARK [1][-]{section.31}{10-2-15}{}% 36
\BOOKMARK [1][-]{section.32}{10-23-2015}{}% 37
\BOOKMARK [1][-]{section.33}{11-1-15}{}% 38
\BOOKMARK [1][-]{section.34}{11-3-15}{}% 39
\BOOKMARK [1][-]{section.35}{11-7-15}{}% 40
\BOOKMARK [1][-]{section.36}{11-14-15}{}% 41
\BOOKMARK [1][-]{section.37}{11-15-15}{}% 42
\BOOKMARK [1][-]{section.38}{11-17-15}{}% 43
\BOOKMARK [1][-]{section.39}{11-19-15}{}% 44
\BOOKMARK [1][-]{section.40}{11-20-15}{}% 45
\BOOKMARK [1][-]{section.41}{11-22-15}{}% 46
\BOOKMARK [1][-]{section.42}{12-22-15}{}% 47
\BOOKMARK [1][-]{section.43}{12-23-15}{}% 48
\BOOKMARK [1][-]{section.44}{12-29-15}{}% 49
\BOOKMARK [1][-]{section.45}{1-5-16}{}% 50
\BOOKMARK [1][-]{section.46}{1-7-16}{}% 51
\BOOKMARK [1][-]{section.47}{1-11-15}{}% 52
\BOOKMARK [1][-]{section.48}{1-12-16}{}% 53
\BOOKMARK [2][-]{subsection.48.1}{SUCCESS}{section.48}% 54
\BOOKMARK [1][-]{section.49}{01-15-16}{}% 55
\BOOKMARK [1][-]{section.50}{01-22-16}{}% 56
\BOOKMARK [1][-]{section.51}{01-23-16}{}% 57
\BOOKMARK [1][-]{section.52}{01-26-16}{}% 58
\BOOKMARK [1][-]{section.53}{01-27-16}{}% 59
\BOOKMARK [1][-]{section.54}{01-28-16}{}% 60
\BOOKMARK [1][-]{section.55}{02-05-16}{}% 61
\BOOKMARK [2][-]{subsection.55.1}{Test Plan Alpha}{section.55}% 62
\BOOKMARK [1][-]{section.56}{2-8-16}{}% 63
\BOOKMARK [1][-]{section.57}{2-10-16}{}% 64
\BOOKMARK [1][-]{section.58}{2-11-16}{}% 65
\BOOKMARK [1][-]{section.59}{2-13-16}{}% 66
\BOOKMARK [1][-]{section.60}{2-18-16}{}% 67
\BOOKMARK [2][-]{subsection.60.1}{ESPEAK}{section.60}% 68
\BOOKMARK [1][-]{section.61}{2-20-16}{}% 69
\BOOKMARK [1][-]{section.62}{2-22-16}{}% 70
\BOOKMARK [2][-]{subsection.62.1}{batctl source build}{section.62}% 71
\BOOKMARK [1][-]{section.63}{2-23-16}{}% 72
\BOOKMARK [1][-]{section.64}{3-7-16}{}% 73
