\BOOKMARK [1][-]{section.1}{Introduction}{}% 1
\BOOKMARK [1][-]{section.2}{7-1-2015}{}% 2
\BOOKMARK [1][-]{section.3}{7-2-2015}{}% 3
\BOOKMARK [1][-]{section.4}{07-03-2015}{}% 4
\BOOKMARK [1][-]{section.5}{07-04-2015}{}% 5
\BOOKMARK [1][-]{section.6}{07-05-2015}{}% 6
\BOOKMARK [1][-]{section.7}{07-06-2015}{}% 7
\BOOKMARK [1][-]{section.8}{07-07-2015}{}% 8
\BOOKMARK [2][-]{subsection.8.1}{Install BladeRF}{section.8}% 9
\BOOKMARK [2][-]{subsection.8.2}{Download new firmware}{section.8}% 10
\BOOKMARK [2][-]{subsection.8.3}{Reinstall GNURadio}{section.8}% 11
\BOOKMARK [1][-]{section.9}{07-08-15}{}% 12
\BOOKMARK [1][-]{section.10}{07-09-15}{}% 13
\BOOKMARK [1][-]{section.11}{07-10-15}{}% 14
\BOOKMARK [1][-]{section.12}{07-11-15}{}% 15
\BOOKMARK [1][-]{section.13}{07-12-15}{}% 16
\BOOKMARK [1][-]{section.14}{07-13-15}{}% 17
\BOOKMARK [1][-]{section.15}{07-14-15}{}% 18
\BOOKMARK [1][-]{section.16}{07-15-15}{}% 19
\BOOKMARK [1][-]{section.17}{07-16-15}{}% 20
\BOOKMARK [1][-]{section.18}{07-17-15}{}% 21
\BOOKMARK [1][-]{section.19}{07-18-15}{}% 22
\BOOKMARK [1][-]{section.20}{07-19-15}{}% 23
\BOOKMARK [1][-]{section.21}{07-20-15}{}% 24
\BOOKMARK [1][-]{section.22}{07-21-15 to 07-24-15}{}% 25
\BOOKMARK [1][-]{section.23}{07-25-15}{}% 26
\BOOKMARK [2][-]{subsection.23.1}{PyBombs}{section.23}% 27
\BOOKMARK [1][-]{section.24}{07-29-15}{}% 28
\BOOKMARK [1][-]{section.25}{08-04-15}{}% 29
\BOOKMARK [2][-]{subsection.25.1}{09-14-15}{section.25}% 30
\BOOKMARK [1][-]{section.26}{09-15-15}{}% 31
\BOOKMARK [1][-]{section.27}{09-16-15}{}% 32
\BOOKMARK [1][-]{section.28}{09-18-15}{}% 33
\BOOKMARK [1][-]{section.29}{09-24-15}{}% 34
\BOOKMARK [1][-]{section.30}{09-25-15}{}% 35
\BOOKMARK [1][-]{section.31}{10-2-15}{}% 36
\BOOKMARK [1][-]{section.32}{10-23-2015}{}% 37
\BOOKMARK [1][-]{section.33}{11-1-15}{}% 38
\BOOKMARK [1][-]{section.34}{11-3-15}{}% 39
\BOOKMARK [1][-]{section.35}{11-7-15}{}% 40
\BOOKMARK [1][-]{section.36}{11-14-15}{}% 41
