\BOOKMARK [1][-]{section.1}{Introduction}{}% 1
\BOOKMARK [1][-]{section.2}{Related Work}{}% 2
\BOOKMARK [2][-]{subsection.2.1}{Software Defined Radio Testbeds}{section.2}% 3
\BOOKMARK [2][-]{subsection.2.2}{GNU Radio and Mesh Networks}{section.2}% 4
\BOOKMARK [2][-]{subsection.2.3}{Mesh Network Testbeds}{section.2}% 5
\BOOKMARK [1][-]{section.3}{Design}{}% 6
\BOOKMARK [2][-]{subsection.3.1}{USRP Software Defined Radio}{section.3}% 7
\BOOKMARK [2][-]{subsection.3.2}{GNU Radio Flowgraph}{section.3}% 8
\BOOKMARK [2][-]{subsection.3.3}{Batman-adv}{section.3}% 9
\BOOKMARK [2][-]{subsection.3.4}{Flask Web Server and Socket.IO}{section.3}% 10
\BOOKMARK [2][-]{subsection.3.5}{A.L.F.R.E.D.}{section.3}% 11
\BOOKMARK [1][-]{section.4}{Test Procedures}{}% 12
\BOOKMARK [2][-]{subsection.4.1}{Network Benchmarks}{section.4}% 13
\BOOKMARK [2][-]{subsection.4.2}{Route Changes}{section.4}% 14
\BOOKMARK [2][-]{subsection.4.3}{Frequency Distribution}{section.4}% 15
\BOOKMARK [1][-]{section.5}{Results}{}% 16
\BOOKMARK [2][-]{subsection.5.1}{Network Benchmarks}{section.5}% 17
\BOOKMARK [2][-]{subsection.5.2}{Route Changes}{section.5}% 18
\BOOKMARK [2][-]{subsection.5.3}{Frequency Changes}{section.5}% 19
\BOOKMARK [1][-]{section.6}{Limitations and Future Work}{}% 20
\BOOKMARK [1][-]{section.7}{Conclusions}{}% 21
\BOOKMARK [1][-]{section.8}{Acknowledgments}{}% 22
\BOOKMARK [1][-]{section*.1}{References}{}% 23
