\BOOKMARK [0][-]{section*.1}{\376\377\000D\000e\000c\000l\000a\000r\000a\000t\000i\000o\000n\000\040\000o\000f\000\040\000A\000u\000t\000h\000o\000r\000s\000h\000i\000p}{}% 1
\BOOKMARK [0][-]{section*.2}{\376\377\000A\000b\000s\000t\000r\000a\000c\000t}{}% 2
\BOOKMARK [0][-]{section*.3}{\376\377\000A\000c\000k\000n\000o\000w\000l\000e\000d\000g\000e\000m\000e\000n\000t\000s}{}% 3
\BOOKMARK [0][-]{chapter.13}{\376\377\000I\000n\000t\000r\000o\000d\000u\000c\000t\000i\000o\000n}{}% 4
\BOOKMARK [1][-]{section.14}{\376\377\000S\000D\000N\000\040\000I\000n\000\040\000U\000n\000i\000t\000y\000\040\000a\000s\000\040\000a\000\040\000M\000e\000s\000h\000\040\000N\000e\000t\000w\000o\000r\000k\000\040\000w\000i\000t\000h\000\040\000A\000c\000t\000u\000a\000t\000i\000o\000n\000\040\000a\000n\000d\000\040\000F\000e\000e\000d\000b\000a\000c\000k}{chapter.13}% 5
\BOOKMARK [1][-]{section.15}{\376\377\000H\000u\000m\000a\000n\000\040\000M\000a\000c\000h\000i\000n\000e\000\040\000I\000n\000t\000e\000r\000a\000c\000t\000i\000o\000n}{chapter.13}% 6
\BOOKMARK [1][-]{section.16}{\376\377\000T\000r\000e\000n\000d\000s\000\040\000T\000o\000w\000a\000r\000d\000s\000\040\000S\000o\000f\000t\000w\000a\000r\000e\000\040\000D\000e\000f\000i\000n\000e\000d\000\040\000E\000n\000v\000i\000r\000o\000n\000m\000e\000n\000t}{chapter.13}% 7
\BOOKMARK [1][-]{section.17}{\376\377\000E\000n\000c\000r\000y\000p\000t\000i\000o\000n\000\040\000i\000n\000\040\000S\000D\000R\000\040\000a\000n\000d\000\040\000M\000e\000s\000h\000\040\000E\000n\000v\000i\000r\000o\000n\000m\000e\000n\000t\000s}{chapter.13}% 8
\BOOKMARK [0][-]{chapter.18}{\376\377\000L\000i\000t\000e\000r\000a\000t\000u\000r\000e\000\040\000R\000e\000v\000i\000e\000w}{}% 9
\BOOKMARK [1][-]{section.19}{\376\377\000S\000D\000R\000\040\000F\000u\000n\000d\000a\000m\000e\000n\000t\000a\000l\000s}{chapter.18}% 10
\BOOKMARK [1][-]{section.20}{\376\377\000G\000N\000U\000\040\000R\000a\000d\000i\000o\000\040\000a\000n\000d\000\040\000M\000A\000T\000L\000A\000B}{chapter.18}% 11
\BOOKMARK [2][-]{subsection.21}{\376\377\000G\000N\000U\000\040\000R\000a\000d\000i\000o}{section.20}% 12
\BOOKMARK [2][-]{subsection.22}{\376\377\000M\000A\000T\000L\000A\000B}{section.20}% 13
\BOOKMARK [2][-]{subsection.23}{\376\377\000H\000a\000r\000d\000w\000a\000r\000e\000\040\000i\000n\000\040\000t\000h\000e\000\040\000L\000o\000o\000p\000\040\000S\000i\000m\000u\000l\000a\000t\000i\000o\000n}{section.20}% 14
\BOOKMARK [2][-]{subsection.24}{\376\377\000R\000F\000N\000o\000c}{section.20}% 15
\BOOKMARK [1][-]{section.25}{\376\377\000S\000D\000N\000\040\000F\000u\000n\000d\000a\000m\000e\000n\000t\000a\000l\000s}{chapter.18}% 16
\BOOKMARK [1][-]{section.26}{\376\377\000N\000e\000t\000w\000o\000r\000k\000\040\000C\000o\000n\000c\000e\000p\000t\000s}{chapter.18}% 17
\BOOKMARK [2][-]{subsection.27}{\376\377\000W\000h\000a\000t\000\040\000i\000s\000\040\000a\000\040\000N\000e\000t\000w\000o\000r}{section.26}% 18
\BOOKMARK [2][-]{subsection.28}{\376\377\000M\000e\000s\000h\000\040\000N\000e\000t\000w\000o\000r\000k}{section.26}% 19
\BOOKMARK [2][-]{subsection.29}{\376\377\000W\000S\000N\000s}{section.26}% 20
\BOOKMARK [3][-]{section*.30}{\376\377\000O\000r\000i\000g\000i\000n\000\040\000i\000n\000\040\000D\000u\000s\000t\000\040\000N\000e\000t\000w\000o\000r\000k\000s}{subsection.29}% 21
\BOOKMARK [3][-]{section*.31}{\376\377\000F\000o\000g\000\040\000C\000o\000m\000p\000u\000t\000i\000n\000g}{subsection.29}% 22
\BOOKMARK [2][-]{subsection.32}{\376\377\000M\000e\000s\000h\000\040\000E\000x\000t\000e\000n\000s\000i\000o\000n\000\040\000i\000n\000t\000o\000\040\000S\000D\000R}{section.26}% 23
\BOOKMARK [2][-]{subsection.33}{\376\377\000S\000D\000R\000\040\000M\000e\000s\000h\000\040\000E\000x\000t\000e\000n\000s\000i\000o\000n\000\040\000i\000n\000t\000o\000\040\000A\000R\000/\000H\000M\000I}{section.26}% 24
\BOOKMARK [2][-]{subsection.34}{\376\377\000W\000h\000a\000t\000\040\000i\000s\000\040\000a\000\040\000n\000e\000t\000w\000o\000r\000k\000\040\000p\000r\000o\000t\000o\000c\000o\000l}{section.26}% 25
\BOOKMARK [3][-]{section*.35}{\376\377\000O\000S\000I\000\040\000M\000o\000d\000e\000l}{subsection.34}% 26
\BOOKMARK [3][-]{section*.36}{\376\377\000C\000o\000m\000m\000o\000n\000\040\000P\000r\000o\000t\000o\000c\000o\000l\000s}{subsection.34}% 27
\BOOKMARK [3][-]{section*.37}{\376\377\000B\000a\000t\000m\000a\000n}{subsection.34}% 28
\BOOKMARK [3][-]{section*.38}{\376\377\000O\000L\000S\000R\000D}{subsection.34}% 29
\BOOKMARK [1][-]{section.39}{\376\377\000G\000a\000m\000i\000n\000g\000\040\000D\000e\000v\000e\000l\000o\000p\000m\000e\000n\000t\000\040\000E\000n\000g\000i\000n\000e\000s}{chapter.18}% 30
\BOOKMARK [2][-]{subsection.40}{\376\377\000U\000n\000i\000t\000y\000\040\0003\000D}{section.39}% 31
\BOOKMARK [2][-]{subsection.41}{\376\377\000U\000n\000r\000e\000a\000l}{section.39}% 32
\BOOKMARK [2][-]{subsection.42}{\376\377\000O\000p\000e\000n\000\040\000S\000o\000u\000r\000c\000e\000\040\000A\000l\000t\000e\000r\000n\000a\000t\000i\000v\000e\000s}{section.39}% 33
\BOOKMARK [1][-]{section.43}{\376\377\000G\000a\000m\000i\000f\000i\000c\000a\000t\000i\000o\000n\000\040\000a\000n\000d\000\040\000S\000e\000r\000i\000o\000u\000s\000\040\000G\000a\000m\000e\000s}{chapter.18}% 34
\BOOKMARK [1][-]{section.44}{\376\377\000S\000D\000R\000\040\000a\000n\000d\000\040\000C\000o\000g\000n\000i\000t\000i\000v\000e\000\040\000R\000a\000d\000i\000o\000s}{chapter.18}% 35
\BOOKMARK [1][-]{section.45}{\376\377\000S\000D\000N\000\040\000a\000n\000d\000\040\000C\000o\000g\000n\000i\000t\000i\000v\000e\000\040\000N\000e\000t\000w\000o\000r\000k\000s}{chapter.18}% 36
\BOOKMARK [1][-]{section.46}{\376\377\000H\000u\000m\000a\000n\000\040\000M\000a\000c\000h\000i\000n\000e\000\040\000I\000n\000t\000e\000r\000f\000a\000c\000e\000s\000\040\000a\000n\000d\000\040\000H\000a\000p\000t\000i\000c\000-\000F\000e\000e\000d\000b\000a\000c\000k\000\040\000i\000n\000\040\000A\000R}{chapter.18}% 37
\BOOKMARK [1][-]{section.47}{\376\377\000A\000u\000g\000m\000e\000n\000t\000e\000d\000\040\000R\000e\000a\000l\000i\000t\000y}{chapter.18}% 38
\BOOKMARK [1][-]{section.48}{\376\377\000A\000p\000p\000l\000i\000c\000a\000t\000i\000o\000n\000:\000\040\000S\000e\000c\000u\000r\000i\000t\000y}{chapter.18}% 39
\BOOKMARK [1][-]{section.49}{\376\377\000A\000p\000p\000l\000i\000c\000a\000t\000i\000o\000n\000:\000\040\000G\000a\000m\000i\000n\000g}{chapter.18}% 40
\BOOKMARK [1][-]{section.50}{\376\377\000S\000t\000a\000t\000e\000\040\000o\000f\000\040\000t\000h\000e\000\040\000P\000r\000a\000c\000t\000i\000c\000e}{chapter.18}% 41
\BOOKMARK [1][-]{section.51}{\376\377\000S\000t\000a\000t\000e\000\040\000o\000f\000\040\000t\000h\000e\000\040\000A\000r\000t}{chapter.18}% 42
\BOOKMARK [0][-]{chapter.52}{\376\377\000M\000e\000t\000h\000o\000d\000o\000l\000o\000g\000y}{}% 43
\BOOKMARK [1][-]{section.53}{\376\377\000D\000e\000s\000i\000g\000n}{chapter.52}% 44
\BOOKMARK [2][-]{subsection.54}{\376\377\000S\000D\000R}{section.53}% 45
\BOOKMARK [2][-]{subsection.55}{\376\377\000S\000D\000R\000\040\000N\000e\000t\000w\000o\000r\000k\000/\000S\000D\000N}{section.53}% 46
\BOOKMARK [2][-]{subsection.56}{\376\377\000I\000n\000t\000e\000l\000l\000i\000g\000e\000n\000c\000e\000\040\000a\000n\000d\000\040\000A\000u\000t\000o\000m\000a\000t\000i\000c\000\040\000D\000e\000c\000i\000s\000i\000o\000n\000\040\000M\000a\000k\000i\000n\000g\000\040\000C\000o\000m\000p\000o\000n\000e\000n\000t\000s}{section.53}% 47
\BOOKMARK [3][-]{section*.57}{\376\377\000S\000e\000n\000s\000o\000r\000s}{subsection.56}% 48
\BOOKMARK [3][-]{section*.58}{\376\377\000H\000M\000I}{subsection.56}% 49
\BOOKMARK [3][-]{section*.59}{\376\377\000N\000e\000t\000w\000o\000r\000k}{subsection.56}% 50
\BOOKMARK [3][-]{section*.60}{\376\377\000A\000p\000p\000l\000i\000c\000a\000t\000i\000o\000n\000:\000\040\000S\000e\000c\000u\000r\000i\000t\000y}{subsection.56}% 51
\BOOKMARK [2][-]{subsection.61}{\376\377\000S\000e\000n\000s\000o\000r\000\040\000I\000n\000t\000e\000g\000r\000a\000t\000i\000o\000n}{section.53}% 52
\BOOKMARK [3][-]{section*.62}{\376\377\000G\000r\000o\000u\000p\000s\000\040\000o\000f\000\040\000S\000e\000n\000s\000o\000r\000s}{subsection.61}% 53
\BOOKMARK [3][-]{section*.63}{\376\377\000I\000m\000a\000g\000e\000r\000s}{subsection.61}% 54
\BOOKMARK [3][-]{section*.64}{\376\377\000A\000u\000d\000i\000o}{subsection.61}% 55
\BOOKMARK [3][-]{section*.65}{\376\377\000L\000I\000D\000A\000R}{subsection.61}% 56
\BOOKMARK [2][-]{subsection.66}{\376\377\000H\000u\000m\000a\000n\000\040\000M\000a\000c\000h\000i\000n\000e\000\040\000I\000n\000t\000e\000r\000f\000a\000c\000e\000s}{section.53}% 57
\BOOKMARK [3][-]{section*.67}{\376\377\000U\000s\000e\000r\000\040\000D\000a\000t\000a}{subsection.66}% 58
\BOOKMARK [2][-]{subsection.68}{\376\377\000A\000u\000g\000m\000e\000n\000t\000e\000d\000\040\000R\000e\000a\000l\000i\000t\000y}{section.53}% 59
\BOOKMARK [1][-]{section.69}{\376\377\000F\000a\000b\000r\000i\000c\000a\000t\000i\000o\000n\000\040\000a\000n\000d\000\040\000B\000u\000i\000l\000d\000\040\000P\000r\000o\000c\000e\000s\000s}{chapter.52}% 60
\BOOKMARK [2][-]{subsection.70}{\376\377\000S\000D\000R}{section.69}% 61
\BOOKMARK [2][-]{subsection.71}{\376\377\000S\000D\000R\000\040\000N\000e\000t\000w\000o\000r\000k\000s\000\040\000a\000n\000d\000\040\000S\000D\000N}{section.69}% 62
\BOOKMARK [2][-]{subsection.72}{\376\377\000I\000n\000t\000e\000l\000l\000i\000g\000e\000n\000c\000e}{section.69}% 63
\BOOKMARK [3][-]{section*.73}{\376\377\000S\000e\000n\000s\000o\000r\000s}{subsection.72}% 64
\BOOKMARK [3][-]{section*.74}{\376\377\000H\000M\000I}{subsection.72}% 65
\BOOKMARK [3][-]{section*.75}{\376\377\000N\000e\000t\000w\000o\000r\000k}{subsection.72}% 66
\BOOKMARK [3][-]{section*.76}{\376\377\000A\000p\000p\000l\000i\000c\000a\000t\000i\000o\000n\000:\000S\000e\000c\000u\000r\000i\000t\000y}{subsection.72}% 67
\BOOKMARK [2][-]{subsection.77}{\376\377\000S\000e\000n\000s\000o\000r\000\040\000I\000n\000t\000e\000g\000r\000a\000t\000i\000o\000n}{section.69}% 68
\BOOKMARK [3][-]{section*.78}{\376\377\000G\000r\000o\000u\000p\000s\000\040\000o\000f\000\040\000S\000e\000n\000s\000o\000r\000s}{subsection.77}% 69
\BOOKMARK [3][-]{section*.79}{\376\377\000I\000m\000a\000g\000e\000r\000s}{subsection.77}% 70
\BOOKMARK [3][-]{section*.80}{\376\377\000A\000u\000d\000i\000o}{subsection.77}% 71
\BOOKMARK [3][-]{section*.81}{\376\377\000L\000I\000D\000A\000R}{subsection.77}% 72
\BOOKMARK [2][-]{subsection.82}{\376\377\000H\000M\000I}{section.69}% 73
\BOOKMARK [2][-]{subsection.83}{\376\377\000A\000R}{section.69}% 74
\BOOKMARK [1][-]{section.84}{\376\377\000T\000e\000s\000t\000\040\000-\000\040\000S\000D\000R\000\040\000\050\000E\000n\000v\000i\000r\000o\000n\000m\000e\000n\000t\000/\000S\000e\000t\000u\000p\000\051}{chapter.52}% 75
\BOOKMARK [2][-]{subsection.85}{\376\377\000S\000i\000g\000n\000a\000l\000\040\000S\000t\000r\000e\000n\000g\000t\000h}{section.84}% 76
\BOOKMARK [2][-]{subsection.86}{\376\377\000R\000a\000n\000g\000e}{section.84}% 77
\BOOKMARK [2][-]{subsection.87}{\376\377\000N\000o\000i\000s\000e}{section.84}% 78
\BOOKMARK [2][-]{subsection.88}{\376\377\000L\000o\000s\000s}{section.84}% 79
\BOOKMARK [2][-]{subsection.89}{\376\377\000E\000r\000r\000o\000r\000\040\000\050\000i\000n\000a\000c\000c\000u\000r\000a\000c\000y\000\051}{section.84}% 80
\BOOKMARK [2][-]{subsection.90}{\376\377\000E\000n\000e\000r\000g\000y\000\040\000U\000s\000e}{section.84}% 81
\BOOKMARK [2][-]{subsection.91}{\376\377\000S\000p\000e\000c\000t\000r\000u\000m}{section.84}% 82
\BOOKMARK [2][-]{subsection.92}{\376\377\000P\000r\000o\000t\000o\000c\000o\000l}{section.84}% 83
\BOOKMARK [1][-]{section.93}{\376\377\000T\000e\000s\000t\000\040\000-\000\040\000N\000e\000t\000w\000o\000r\000k}{chapter.52}% 84
\BOOKMARK [2][-]{subsection.94}{\376\377\000S\000i\000g\000n\000a\000l\000\040\000S\000t\000r\000e\000n\000g\000t\000h}{section.93}% 85
\BOOKMARK [2][-]{subsection.95}{\376\377\000R\000a\000n\000g\000e}{section.93}% 86
\BOOKMARK [2][-]{subsection.96}{\376\377\000N\000o\000i\000s\000e}{section.93}% 87
\BOOKMARK [2][-]{subsection.97}{\376\377\000L\000o\000s\000s}{section.93}% 88
\BOOKMARK [2][-]{subsection.98}{\376\377\000E\000r\000r\000o\000r}{section.93}% 89
\BOOKMARK [2][-]{subsection.99}{\376\377\000E\000n\000e\000r\000g\000y\000\040\000E\000f\000f\000i\000c\000i\000e\000n\000c\000y}{section.93}% 90
\BOOKMARK [2][-]{subsection.100}{\376\377\000L\000a\000t\000e\000n\000c\000y}{section.93}% 91
\BOOKMARK [2][-]{subsection.101}{\376\377\000T\000h\000r\000o\000u\000g\000h\000p\000u\000t}{section.93}% 92
\BOOKMARK [2][-]{subsection.102}{\376\377\000T\000o\000p\000o\000l\000o\000g\000y\000\040\000E\000f\000f\000e\000c\000t\000s}{section.93}% 93
\BOOKMARK [2][-]{subsection.103}{\376\377\000P\000r\000o\000t\000o\000c\000o\000l}{section.93}% 94
\BOOKMARK [2][-]{subsection.104}{\376\377\000I\000n\000t\000e\000r\000f\000e\000r\000e\000n\000c\000e}{section.93}% 95
\BOOKMARK [2][-]{subsection.105}{\376\377\000C\000r\000o\000w\000d\000i\000n\000g}{section.93}% 96
\BOOKMARK [2][-]{subsection.106}{\376\377\000C\000r\000o\000s\000s\000t\000a\000l\000k}{section.93}% 97
\BOOKMARK [1][-]{section.107}{\376\377\000T\000e\000s\000t\000\040\000-\000\040\000A\000R}{chapter.52}% 98
\BOOKMARK [2][-]{subsection.108}{\376\377\000S\000i\000g\000n\000a\000l\000\040\000S\000t\000r\000e\000n\000g\000t\000h}{section.107}% 99
\BOOKMARK [2][-]{subsection.109}{\376\377\000N\000o\000i\000s\000e}{section.107}% 100
\BOOKMARK [2][-]{subsection.110}{\376\377\000L\000o\000s\000s}{section.107}% 101
\BOOKMARK [2][-]{subsection.111}{\376\377\000E\000r\000r\000o\000r}{section.107}% 102
\BOOKMARK [2][-]{subsection.112}{\376\377\000T\000o\000p\000o\000l\000o\000g\000y\000\040\000E\000f\000f\000e\000c\000t\000s}{section.107}% 103
\BOOKMARK [2][-]{subsection.113}{\376\377\000L\000i\000f\000e\000\040\000C\000y\000c\000l\000e}{section.107}% 104
\BOOKMARK [0][-]{chapter.114}{\376\377\000F\000i\000n\000d\000i\000n\000g\000s}{}% 105
\BOOKMARK [1][-]{section.115}{\376\377\000R\000e\000s\000u\000l\000t\000s}{chapter.114}% 106
\BOOKMARK [1][-]{section.116}{\376\377\000D\000a\000t\000a\000\040\000A\000n\000a\000l\000y\000s\000i\000s}{chapter.114}% 107
\BOOKMARK [1][-]{section.117}{\376\377\000H\000a\000r\000d\000w\000a\000r\000e\000\040\000i\000n\000\040\000t\000h\000e\000\040\000L\000o\000o\000p\000\040\000S\000i\000m\000u\000l\000a\000t\000i\000o\000n}{chapter.114}% 108
\BOOKMARK [1][-]{section.118}{\376\377\000A\000s\000s\000u\000m\000p\000t\000i\000o\000n\000s}{chapter.114}% 109
\BOOKMARK [1][-]{section.119}{\376\377\000D\000i\000s\000c\000u\000s\000s\000i\000o\000n\000\040\000o\000f\000\040\000E\000r\000r\000o\000r}{chapter.114}% 110
\BOOKMARK [0][-]{chapter.120}{\376\377\000D\000i\000s\000c\000u\000s\000s\000i\000o\000n}{}% 111
\BOOKMARK [1][-]{section.121}{\376\377\000C\000o\000n\000s\000t\000r\000a\000i\000n\000t\000s\000\040\000a\000n\000d\000\040\000L\000i\000m\000i\000t\000a\000t\000i\000o\000n\000s}{chapter.120}% 112
\BOOKMARK [1][-]{section.122}{\376\377\000S\000D\000R\000/\000S\000D\000N\000\040\000I\000n\000\040\000U\000n\000i\000t\000y}{chapter.120}% 113
\BOOKMARK [1][-]{section.123}{\376\377\000S\000D\000R\000/\000S\000D\000N\000\040\000C\000o\000n\000t\000r\000o\000l\000l\000a\000b\000i\000l\000i\000t\000y\000\040\000a\000n\000d\000\040\000F\000e\000e\000d\000b\000a\000c\000k}{chapter.120}% 114
\BOOKMARK [1][-]{section.124}{\376\377\000S\000D\000R\000\040\000N\000e\000t\000w\000o\000r\000k}{chapter.120}% 115
\BOOKMARK [1][-]{section.125}{\376\377\000C\000o\000g\000n\000i\000t\000i\000v\000e\000\040\000N\000e\000t\000w\000o\000r\000k\000s}{chapter.120}% 116
\BOOKMARK [1][-]{section.126}{\376\377\000S\000o\000f\000t\000w\000a\000r\000e\000\040\000D\000e\000f\000i\000n\000e\000d\000\040\000E\000n\000v\000i\000r\000o\000n\000m\000e\000n\000t}{chapter.120}% 117
\BOOKMARK [1][-]{section.127}{\376\377\000H\000u\000m\000a\000n\000\040\000M\000a\000c\000h\000i\000n\000e\000\040\000I\000n\000t\000e\000r\000a\000c\000t\000i\000o\000n}{chapter.120}% 118
\BOOKMARK [1][-]{section.128}{\376\377\000A\000p\000p\000l\000i\000c\000a\000t\000i\000o\000n\000s}{chapter.120}% 119
\BOOKMARK [2][-]{subsection.129}{\376\377\000S\000D\000R\000\040\000N\000e\000t\000w\000o\000r\000k\000\040\000A\000R}{section.128}% 120
\BOOKMARK [2][-]{subsection.130}{\376\377\000S\000e\000c\000u\000r\000i\000t\000y}{section.128}% 121
\BOOKMARK [2][-]{subsection.131}{\376\377\000G\000a\000m\000i\000n\000g\000\040\000a\000n\000d\000\040\000C\000r\000o\000w\000d\000s\000o\000u\000r\000c\000i\000n\000g}{section.128}% 122
\BOOKMARK [0][-]{chapter.132}{\376\377\000C\000o\000n\000c\000l\000u\000s\000i\000o\000n}{}% 123
\BOOKMARK [1][-]{section.133}{\376\377\000S\000u\000m\000m\000a\000r\000y}{chapter.132}% 124
\BOOKMARK [1][-]{section.134}{\376\377\000C\000o\000n\000c\000l\000u\000s\000i\000o\000n}{chapter.132}% 125
\BOOKMARK [1][-]{section.135}{\376\377\000R\000e\000c\000o\000m\000m\000e\000n\000d\000a\000t\000i\000o\000n}{chapter.132}% 126
\BOOKMARK [1][-]{section.136}{\376\377\000F\000u\000t\000u\000r\000e\000\040\000W\000o\000r\000k}{chapter.132}% 127
\BOOKMARK [0][-]{appendix.137}{\376\377\000A\000p\000p\000e\000n\000d\000i\000x\000\040\000T\000i\000t\000l\000e\000\040\000H\000e\000r\000e}{}% 128
